<?xml version="1.0" encoding="UTF-8"?>
<!-- Generated by org.testng.reporters.JUnitXMLReporter -->
<testsuite ignored="0" hostname="DESKTOP-V2ONJQQ" failures="0" tests="3" name="Default test" time="49.934" errors="0" timestamp="2023-04-23T21:44:34 IST">
  <testcase classname="com.ddt.tests.LoginPageTest" name="loginPageTitleTest" time="0.058"/>
  <testcase classname="com.ddt.tests.LoginPageTest" name="freeCRMLogoImageTest" time="0.199"/>
  <testcase classname="com.ddt.tests.LoginPageTest" name="loginTest" time="12.708"/>
</testsuite> <!-- Default test -->
